2026-07-02 11:19:07,619 - INFO - Connecting to 149.154.167.51:443/TcpFull...
2026-07-02 11:19:09,632 - INFO - Connection to 149.154.167.51:443/TcpFull complete!
2026-07-02 11:19:21,709 - INFO - Phone migrated to 4
2026-07-02 11:19:26,008 - INFO - Reconnecting to new data center 4
2026-07-02 11:19:26,706 - INFO - Disconnecting from 149.154.167.51:443/TcpFull...
2026-07-02 11:19:26,707 - INFO - Disconnection from 149.154.167.51:443/TcpFull complete!
2026-07-02 11:19:26,707 - INFO - Connecting to 149.154.167.91:443/TcpFull...
2026-07-02 11:19:29,288 - INFO - Connection to 149.154.167.91:443/TcpFull complete!
2026-07-02 11:23:44,168 - INFO - Telegram Client Started.
2026-07-02 11:23:44,170 - INFO - Starting to scrape channel: https://t.me/CheMed123
2026-07-02 11:23:45,903 - INFO - Starting direct file download in chunks of 131072 at 0, stride 131072
2026-07-02 11:23:46,747 - INFO - Starting direct file download in chunks of 131072 at 0, stride 131072
2026-07-02 11:23:50,129 - INFO - Starting direct file download in chunks of 131072 at 0, stride 131072
2026-07-02 11:23:51,167 - INFO - Starting direct file download in chunks of 131072 at 0, stride 131072
2026-07-02 11:23:52,391 - INFO - Starting direct file download in chunks of 131072 at 0, stride 131072
2026-07-02 11:23:53,978 - INFO - Starting direct file download in chunks of 131072 at 0, stride 131072
2026-07-02 11:23:55,699 - INFO - Starting direct file download in chunks of 131072 at 0, stride 131072
2026-07-02 11:23:57,046 - INFO - Starting direct file download in chunks of 131072 at 0, stride 131072
2026-07-02 11:23:59,155 - INFO - Starting direct file download in chunks of 131072 at 0, stride 131072
2026-07-02 11:24:07,250 - INFO - Starting direct file download in chunks of 131072 at 0, stride 131072
2026-07-02 11:24:09,141 - INFO - Starting direct file download in chunks of 131072 at 0, stride 131072
2026-07-02 11:24:12,086 - INFO - Starting direct file download in chunks of 131072 at 0, stride 131072
2026-07-02 11:24:14,403 - INFO - Starting direct file download in chunks of 131072 at 0, stride 131072
2026-07-02 11:24:15,643 - INFO - Starting direct file download in chunks of 131072 at 0, stride 131072
2026-07-02 11:24:17,871 - INFO - Starting direct file download in chunks of 131072 at 0, stride 131072
2026-07-02 11:24:19,123 - INFO - Starting direct file download in chunks of 131072 at 0, stride 131072
2026-07-02 11:24:21,784 - INFO - Starting direct file download in chunks of 131072 at 0, stride 131072
2026-07-02 11:24:23,848 - INFO - Starting direct file download in chunks of 131072 at 0, stride 131072
2026-07-02 11:24:25,906 - INFO - Starting direct file download in chunks of 131072 at 0, stride 131072
2026-07-02 11:24:27,939 - INFO - Starting direct file download in chunks of 131072 at 0, stride 131072
2026-07-02 11:24:29,953 - INFO - Starting direct file download in chunks of 131072 at 0, stride 131072
2026-07-02 11:24:30,944 - INFO - Starting direct file download in chunks of 131072 at 0, stride 131072
2026-07-02 11:24:33,691 - INFO - Starting direct file download in chunks of 131072 at 0, stride 131072
2026-07-02 11:24:35,989 - INFO - Starting direct file download in chunks of 131072 at 0, stride 131072
2026-07-02 11:24:38,380 - INFO - Starting direct file download in chunks of 131072 at 0, stride 131072
2026-07-02 11:24:40,095 - INFO - Starting direct file download in chunks of 131072 at 0, stride 131072
2026-07-02 11:24:41,394 - INFO - Starting direct file download in chunks of 131072 at 0, stride 131072
2026-07-02 11:24:42,928 - INFO - Starting direct file download in chunks of 131072 at 0, stride 131072
2026-07-02 11:24:43,748 - INFO - Starting direct file download in chunks of 131072 at 0, stride 131072
2026-07-02 11:24:46,304 - INFO - Starting direct file download in chunks of 131072 at 0, stride 131072
2026-07-02 11:24:48,797 - INFO - Starting direct file download in chunks of 131072 at 0, stride 131072
2026-07-02 11:24:51,161 - INFO - Starting direct file download in chunks of 131072 at 0, stride 131072
2026-07-02 11:24:53,419 - INFO - Starting direct file download in chunks of 131072 at 0, stride 131072
2026-07-02 11:24:55,420 - INFO - Starting direct file download in chunks of 131072 at 0, stride 131072
2026-07-02 11:24:57,548 - INFO - Starting direct file download in chunks of 131072 at 0, stride 131072
2026-07-02 11:25:02,075 - INFO - Starting direct file download in chunks of 131072 at 0, stride 131072
2026-07-02 11:25:04,211 - INFO - Starting direct file download in chunks of 131072 at 0, stride 131072
2026-07-02 11:25:07,943 - INFO - Starting direct file download in chunks of 131072 at 0, stride 131072
2026-07-02 11:25:11,290 - INFO - Starting direct file download in chunks of 131072 at 0, stride 131072
2026-07-02 11:25:14,372 - INFO - Starting direct file download in chunks of 131072 at 0, stride 131072
2026-07-02 11:25:17,598 - INFO - Starting direct file download in chunks of 131072 at 0, stride 131072
2026-07-02 11:25:19,836 - INFO - Starting direct file download in chunks of 131072 at 0, stride 131072
2026-07-02 11:25:22,125 - INFO - Starting direct file download in chunks of 131072 at 0, stride 131072
2026-07-02 11:25:25,045 - INFO - Starting direct file download in chunks of 131072 at 0, stride 131072
2026-07-02 11:25:30,083 - INFO - Starting direct file download in chunks of 131072 at 0, stride 131072
2026-07-02 11:25:34,345 - INFO - Starting direct file download in chunks of 131072 at 0, stride 131072
2026-07-02 11:25:37,494 - INFO - Starting direct file download in chunks of 131072 at 0, stride 131072
2026-07-02 11:25:40,992 - INFO - Starting direct file download in chunks of 131072 at 0, stride 131072
2026-07-02 11:25:43,091 - INFO - Starting direct file download in chunks of 131072 at 0, stride 131072
2026-07-02 11:25:44,919 - INFO - Starting direct file download in chunks of 131072 at 0, stride 131072
2026-07-02 11:25:45,918 - INFO - Starting direct file download in chunks of 131072 at 0, stride 131072
2026-07-02 11:25:48,230 - INFO - Starting direct file download in chunks of 131072 at 0, stride 131072
2026-07-02 11:25:49,355 - INFO - Starting direct file download in chunks of 131072 at 0, stride 131072
2026-07-02 11:25:50,713 - INFO - Starting direct file download in chunks of 131072 at 0, stride 131072
2026-07-02 11:25:51,913 - INFO - Starting direct file download in chunks of 131072 at 0, stride 131072
2026-07-02 11:25:53,177 - INFO - Starting direct file download in chunks of 131072 at 0, stride 131072
2026-07-02 11:25:56,139 - INFO - Starting direct file download in chunks of 131072 at 0, stride 131072
2026-07-02 11:25:59,186 - INFO - Starting direct file download in chunks of 131072 at 0, stride 131072
2026-07-02 11:26:01,057 - INFO - Starting direct file download in chunks of 131072 at 0, stride 131072
2026-07-02 11:26:02,369 - INFO - Starting direct file download in chunks of 131072 at 0, stride 131072
2026-07-02 11:26:03,350 - INFO - Starting direct file download in chunks of 131072 at 0, stride 131072
2026-07-02 11:26:05,408 - INFO - Starting direct file download in chunks of 131072 at 0, stride 131072
2026-07-02 11:26:08,221 - INFO - Starting direct file download in chunks of 131072 at 0, stride 131072
2026-07-02 11:26:09,666 - INFO - Starting direct file download in chunks of 131072 at 0, stride 131072
2026-07-02 11:26:11,497 - INFO - Starting direct file download in chunks of 131072 at 0, stride 131072
2026-07-02 11:26:12,156 - INFO - Starting direct file download in chunks of 131072 at 0, stride 131072
2026-07-02 11:26:12,709 - INFO - Starting direct file download in chunks of 131072 at 0, stride 131072
2026-07-02 11:26:13,462 - ERROR - Error scraping channel https://t.me/CheMed123: [Errno 2] No such file or directory: 'data/raw/telegram_messages/2023-02-10/https://t.me/CheMed123.json'
2026-07-02 11:26:13,463 - INFO - Starting to scrape channel: https://t.me/lobelia4cosmeticss
2026-07-02 11:26:13,625 - ERROR - Error scraping channel https://t.me/lobelia4cosmeticss: No user has "lobelia4cosmeticss" as username
2026-07-02 11:26:13,625 - INFO - Starting to scrape channel: https://t.me/tikvahpharma
2026-07-02 11:26:14,980 - INFO - Starting direct file download in chunks of 131072 at 0, stride 131072
2026-07-02 11:26:15,778 - INFO - Starting direct file download in chunks of 131072 at 0, stride 131072
2026-07-02 11:26:18,301 - INFO - Starting direct file download in chunks of 131072 at 0, stride 131072
2026-07-02 11:26:20,457 - INFO - Starting direct file download in chunks of 131072 at 0, stride 131072
2026-07-02 11:26:21,488 - INFO - Starting direct file download in chunks of 131072 at 0, stride 131072
2026-07-02 11:26:25,094 - INFO - Starting direct file download in chunks of 131072 at 0, stride 131072
2026-07-02 11:26:26,033 - INFO - Starting direct file download in chunks of 131072 at 0, stride 131072
2026-07-02 11:26:28,972 - INFO - Starting direct file download in chunks of 131072 at 0, stride 131072
2026-07-02 11:26:30,538 - INFO - Starting direct file download in chunks of 131072 at 0, stride 131072
2026-07-02 11:26:32,442 - INFO - Starting direct file download in chunks of 131072 at 0, stride 131072
2026-07-02 11:26:33,443 - INFO - Starting direct file download in chunks of 131072 at 0, stride 131072
2026-07-02 11:26:34,779 - INFO - Starting direct file download in chunks of 131072 at 0, stride 131072
2026-07-02 11:26:38,149 - INFO - Starting direct file download in chunks of 131072 at 0, stride 131072
2026-07-02 11:26:39,414 - INFO - Starting direct file download in chunks of 131072 at 0, stride 131072
2026-07-02 11:26:40,653 - INFO - Starting direct file download in chunks of 131072 at 0, stride 131072
2026-07-02 11:26:42,496 - INFO - Starting direct file download in chunks of 131072 at 0, stride 131072
2026-07-02 11:26:44,396 - INFO - Starting direct file download in chunks of 131072 at 0, stride 131072
2026-07-02 11:26:47,122 - INFO - Starting direct file download in chunks of 131072 at 0, stride 131072
2026-07-02 11:26:49,501 - INFO - Starting direct file download in chunks of 131072 at 0, stride 131072
2026-07-02 11:26:50,419 - INFO - Starting direct file download in chunks of 131072 at 0, stride 131072
2026-07-02 11:26:52,364 - INFO - Starting direct file download in chunks of 131072 at 0, stride 131072
2026-07-02 11:26:53,346 - INFO - Starting direct file download in chunks of 131072 at 0, stride 131072
2026-07-02 11:26:55,702 - INFO - Starting direct file download in chunks of 131072 at 0, stride 131072
2026-07-02 11:26:57,476 - INFO - Starting direct file download in chunks of 131072 at 0, stride 131072
2026-07-02 11:26:58,758 - INFO - Starting direct file download in chunks of 131072 at 0, stride 131072
2026-07-02 11:26:59,566 - INFO - Starting direct file download in chunks of 131072 at 0, stride 131072
2026-07-02 11:27:01,354 - INFO - Starting direct file download in chunks of 131072 at 0, stride 131072
2026-07-02 11:27:02,316 - INFO - Starting direct file download in chunks of 131072 at 0, stride 131072
2026-07-02 11:27:05,800 - INFO - Starting direct file download in chunks of 131072 at 0, stride 131072
2026-07-02 11:27:06,718 - INFO - Starting direct file download in chunks of 131072 at 0, stride 131072
2026-07-02 11:27:09,624 - INFO - Starting direct file download in chunks of 131072 at 0, stride 131072
2026-07-02 11:27:10,673 - INFO - Starting direct file download in chunks of 131072 at 0, stride 131072
2026-07-02 11:27:11,822 - INFO - Starting direct file download in chunks of 131072 at 0, stride 131072
2026-07-02 11:27:12,636 - INFO - Starting direct file download in chunks of 131072 at 0, stride 131072
2026-07-02 11:27:14,473 - INFO - Starting direct file download in chunks of 131072 at 0, stride 131072
2026-07-02 11:27:15,431 - INFO - Starting direct file download in chunks of 131072 at 0, stride 131072
2026-07-02 11:27:16,503 - INFO - Starting direct file download in chunks of 131072 at 0, stride 131072
2026-07-02 11:27:18,053 - INFO - Starting direct file download in chunks of 131072 at 0, stride 131072
2026-07-02 11:27:20,165 - INFO - Starting direct file download in chunks of 131072 at 0, stride 131072
2026-07-02 11:27:21,149 - INFO - Starting direct file download in chunks of 131072 at 0, stride 131072
2026-07-02 11:27:22,045 - INFO - Starting direct file download in chunks of 131072 at 0, stride 131072
2026-07-02 11:27:23,260 - INFO - Starting direct file download in chunks of 131072 at 0, stride 131072
2026-07-02 11:27:26,786 - INFO - Starting direct file download in chunks of 131072 at 0, stride 131072
2026-07-02 11:27:27,562 - INFO - Starting direct file download in chunks of 131072 at 0, stride 131072
2026-07-02 11:27:29,828 - INFO - Starting direct file download in chunks of 131072 at 0, stride 131072
2026-07-02 11:27:31,369 - INFO - Starting direct file download in chunks of 131072 at 0, stride 131072
2026-07-02 11:27:32,808 - INFO - Starting direct file download in chunks of 131072 at 0, stride 131072
2026-07-02 11:27:34,195 - INFO - Starting direct file download in chunks of 131072 at 0, stride 131072
2026-07-02 11:27:37,453 - INFO - Starting direct file download in chunks of 131072 at 0, stride 131072
2026-07-02 11:27:38,960 - INFO - Starting direct file download in chunks of 131072 at 0, stride 131072
2026-07-02 11:27:42,288 - INFO - Starting direct file download in chunks of 131072 at 0, stride 131072
2026-07-02 11:27:46,044 - INFO - Starting direct file download in chunks of 131072 at 0, stride 131072
2026-07-02 11:27:49,388 - INFO - Starting direct file download in chunks of 131072 at 0, stride 131072
2026-07-02 11:27:52,098 - INFO - Starting direct file download in chunks of 131072 at 0, stride 131072
2026-07-02 11:27:54,887 - INFO - Starting direct file download in chunks of 131072 at 0, stride 131072
2026-07-02 11:27:59,595 - INFO - Starting direct file download in chunks of 131072 at 0, stride 131072
2026-07-02 11:28:05,685 - INFO - Starting direct file download in chunks of 131072 at 0, stride 131072
2026-07-02 11:28:08,644 - INFO - Starting direct file download in chunks of 131072 at 0, stride 131072
2026-07-02 11:28:16,821 - INFO - Starting direct file download in chunks of 131072 at 0, stride 131072
2026-07-02 11:28:21,318 - INFO - Starting direct file download in chunks of 131072 at 0, stride 131072
2026-07-02 11:28:29,107 - INFO - Starting direct file download in chunks of 131072 at 0, stride 131072
2026-07-02 11:28:47,069 - INFO - Starting direct file download in chunks of 131072 at 0, stride 131072
2026-07-02 11:28:52,431 - INFO - Starting direct file download in chunks of 131072 at 0, stride 131072
2026-07-02 11:28:58,283 - INFO - Starting direct file download in chunks of 131072 at 0, stride 131072
2026-07-02 11:29:00,804 - INFO - Starting direct file download in chunks of 131072 at 0, stride 131072
2026-07-02 11:29:12,317 - INFO - Starting direct file download in chunks of 131072 at 0, stride 131072
2026-07-02 11:29:13,927 - INFO - Starting direct file download in chunks of 131072 at 0, stride 131072
2026-07-02 11:29:16,224 - INFO - Starting direct file download in chunks of 131072 at 0, stride 131072
2026-07-02 11:29:17,350 - INFO - Starting direct file download in chunks of 131072 at 0, stride 131072
2026-07-02 11:29:18,468 - INFO - Starting direct file download in chunks of 131072 at 0, stride 131072
2026-07-02 11:29:19,362 - INFO - Starting direct file download in chunks of 131072 at 0, stride 131072
2026-07-02 11:29:20,501 - INFO - Starting direct file download in chunks of 131072 at 0, stride 131072
2026-07-02 11:29:21,189 - INFO - Starting direct file download in chunks of 131072 at 0, stride 131072
2026-07-02 11:29:22,357 - INFO - Starting direct file download in chunks of 131072 at 0, stride 131072
2026-07-02 11:29:23,717 - INFO - Starting direct file download in chunks of 131072 at 0, stride 131072
2026-07-02 11:29:24,813 - INFO - Starting direct file download in chunks of 131072 at 0, stride 131072
2026-07-02 11:29:25,567 - INFO - Starting direct file download in chunks of 131072 at 0, stride 131072
2026-07-02 11:29:26,462 - INFO - Starting direct file download in chunks of 131072 at 0, stride 131072
2026-07-02 11:29:27,724 - INFO - Starting direct file download in chunks of 131072 at 0, stride 131072
2026-07-02 11:29:28,922 - INFO - Starting direct file download in chunks of 131072 at 0, stride 131072
2026-07-02 11:29:32,624 - INFO - Starting direct file download in chunks of 131072 at 0, stride 131072
2026-07-02 11:29:34,511 - INFO - Starting direct file download in chunks of 131072 at 0, stride 131072
2026-07-02 11:29:38,251 - INFO - Starting direct file download in chunks of 131072 at 0, stride 131072
2026-07-02 11:29:42,248 - INFO - Starting direct file download in chunks of 131072 at 0, stride 131072
2026-07-02 11:29:44,806 - INFO - Starting direct file download in chunks of 131072 at 0, stride 131072
2026-07-02 11:29:45,492 - INFO - Starting direct file download in chunks of 131072 at 0, stride 131072
2026-07-02 11:29:47,875 - INFO - Starting direct file download in chunks of 131072 at 0, stride 131072
2026-07-02 11:29:48,716 - INFO - Starting direct file download in chunks of 131072 at 0, stride 131072
2026-07-02 11:29:50,972 - INFO - Starting direct file download in chunks of 131072 at 0, stride 131072
2026-07-02 11:29:51,914 - INFO - Starting direct file download in chunks of 131072 at 0, stride 131072
2026-07-02 11:29:53,861 - INFO - Starting direct file download in chunks of 131072 at 0, stride 131072
2026-07-02 11:29:57,976 - INFO - Starting direct file download in chunks of 131072 at 0, stride 131072
2026-07-02 11:30:00,238 - INFO - Starting direct file download in chunks of 131072 at 0, stride 131072
2026-07-02 11:30:01,597 - INFO - Starting direct file download in chunks of 131072 at 0, stride 131072
2026-07-02 11:30:02,755 - INFO - Starting direct file download in chunks of 131072 at 0, stride 131072
2026-07-02 11:30:04,261 - INFO - Starting direct file download in chunks of 131072 at 0, stride 131072
2026-07-02 11:30:11,086 - INFO - Starting direct file download in chunks of 131072 at 0, stride 131072
2026-07-02 11:30:15,766 - INFO - Starting direct file download in chunks of 131072 at 0, stride 131072
2026-07-02 11:30:17,277 - INFO - Starting direct file download in chunks of 131072 at 0, stride 131072
2026-07-02 11:30:18,516 - INFO - Starting direct file download in chunks of 131072 at 0, stride 131072
2026-07-02 11:30:21,322 - INFO - Starting direct file download in chunks of 131072 at 0, stride 131072
2026-07-02 11:30:23,359 - INFO - Starting direct file download in chunks of 131072 at 0, stride 131072
2026-07-02 11:30:26,306 - INFO - Starting direct file download in chunks of 131072 at 0, stride 131072
2026-07-02 11:30:27,564 - INFO - Starting direct file download in chunks of 131072 at 0, stride 131072
2026-07-02 11:30:28,021 - INFO - Starting direct file download in chunks of 131072 at 0, stride 131072
2026-07-02 11:30:31,275 - INFO - Starting direct file download in chunks of 131072 at 0, stride 131072
2026-07-02 11:30:33,060 - INFO - Starting direct file download in chunks of 131072 at 0, stride 131072
2026-07-02 11:30:34,103 - INFO - Starting direct file download in chunks of 131072 at 0, stride 131072
2026-07-02 11:30:35,098 - INFO - Starting direct file download in chunks of 131072 at 0, stride 131072
2026-07-02 11:30:37,565 - INFO - Starting direct file download in chunks of 131072 at 0, stride 131072
2026-07-02 11:30:38,693 - INFO - Starting direct file download in chunks of 131072 at 0, stride 131072
2026-07-02 11:30:39,956 - INFO - Starting direct file download in chunks of 131072 at 0, stride 131072
2026-07-02 11:30:41,403 - INFO - Starting direct file download in chunks of 131072 at 0, stride 131072
2026-07-02 11:30:45,383 - INFO - Starting direct file download in chunks of 131072 at 0, stride 131072
2026-07-02 11:30:46,660 - INFO - Starting direct file download in chunks of 131072 at 0, stride 131072
2026-07-02 11:30:47,654 - INFO - Starting direct file download in chunks of 131072 at 0, stride 131072
2026-07-02 11:30:50,629 - INFO - Starting direct file download in chunks of 131072 at 0, stride 131072
2026-07-02 11:30:53,576 - INFO - Starting direct file download in chunks of 131072 at 0, stride 131072
2026-07-02 11:30:57,733 - INFO - Starting direct file download in chunks of 131072 at 0, stride 131072
2026-07-02 11:30:59,679 - INFO - Starting direct file download in chunks of 131072 at 0, stride 131072
2026-07-02 11:31:01,038 - INFO - Starting direct file download in chunks of 131072 at 0, stride 131072
2026-07-02 11:31:02,609 - INFO - Starting direct file download in chunks of 131072 at 0, stride 131072
2026-07-02 11:31:05,810 - INFO - Starting direct file download in chunks of 131072 at 0, stride 131072
2026-07-02 11:31:08,168 - INFO - Starting direct file download in chunks of 131072 at 0, stride 131072
2026-07-02 11:31:08,598 - INFO - Starting direct file download in chunks of 131072 at 0, stride 131072
2026-07-02 11:31:10,570 - INFO - Starting direct file download in chunks of 131072 at 0, stride 131072
2026-07-02 11:31:15,972 - INFO - Starting direct file download in chunks of 131072 at 0, stride 131072
2026-07-02 11:31:21,067 - INFO - Starting direct file download in chunks of 131072 at 0, stride 131072
2026-07-02 11:31:25,679 - INFO - Starting direct file download in chunks of 131072 at 0, stride 131072
2026-07-02 11:31:28,286 - INFO - Starting direct file download in chunks of 131072 at 0, stride 131072
2026-07-02 11:31:31,402 - INFO - Starting direct file download in chunks of 131072 at 0, stride 131072
2026-07-02 11:31:36,503 - INFO - Starting direct file download in chunks of 131072 at 0, stride 131072
2026-07-02 11:31:41,526 - INFO - Starting direct file download in chunks of 131072 at 0, stride 131072
2026-07-02 11:31:45,008 - INFO - Starting direct file download in chunks of 131072 at 0, stride 131072
2026-07-02 11:31:46,641 - INFO - Starting direct file download in chunks of 131072 at 0, stride 131072
2026-07-02 11:31:49,412 - INFO - Starting direct file download in chunks of 131072 at 0, stride 131072
2026-07-02 11:31:50,649 - INFO - Starting direct file download in chunks of 131072 at 0, stride 131072
2026-07-02 11:31:52,327 - INFO - Starting direct file download in chunks of 131072 at 0, stride 131072
2026-07-02 11:31:54,672 - INFO - Starting direct file download in chunks of 131072 at 0, stride 131072
2026-07-02 11:31:55,545 - INFO - Starting direct file download in chunks of 131072 at 0, stride 131072
2026-07-02 11:31:56,000 - INFO - Starting direct file download in chunks of 131072 at 0, stride 131072
2026-07-02 11:31:57,071 - INFO - Starting direct file download in chunks of 131072 at 0, stride 131072
2026-07-02 11:31:57,958 - INFO - Starting direct file download in chunks of 131072 at 0, stride 131072
2026-07-02 11:31:59,985 - INFO - Starting direct file download in chunks of 131072 at 0, stride 131072
2026-07-02 11:32:00,903 - INFO - Starting direct file download in chunks of 131072 at 0, stride 131072
2026-07-02 11:32:02,981 - INFO - Starting direct file download in chunks of 131072 at 0, stride 131072
2026-07-02 11:32:04,029 - INFO - Starting direct file download in chunks of 131072 at 0, stride 131072
2026-07-02 11:32:04,700 - INFO - Starting direct file download in chunks of 131072 at 0, stride 131072
2026-07-02 11:32:06,968 - INFO - Starting direct file download in chunks of 131072 at 0, stride 131072
2026-07-02 11:32:07,678 - INFO - Starting direct file download in chunks of 131072 at 0, stride 131072
2026-07-02 11:32:09,680 - INFO - Starting direct file download in chunks of 131072 at 0, stride 131072
2026-07-02 11:32:10,085 - INFO - Starting direct file download in chunks of 131072 at 0, stride 131072
2026-07-02 11:32:13,998 - INFO - Starting direct file download in chunks of 131072 at 0, stride 131072
2026-07-02 11:32:16,119 - INFO - Starting direct file download in chunks of 131072 at 0, stride 131072
2026-07-02 11:32:18,934 - INFO - Starting direct file download in chunks of 131072 at 0, stride 131072
2026-07-02 11:32:22,761 - INFO - Starting direct file download in chunks of 131072 at 0, stride 131072
2026-07-02 11:32:26,700 - INFO - Starting direct file download in chunks of 131072 at 0, stride 131072
2026-07-02 11:32:30,084 - INFO - Starting direct file download in chunks of 131072 at 0, stride 131072
2026-07-02 11:32:31,659 - INFO - Starting direct file download in chunks of 131072 at 0, stride 131072
2026-07-02 11:32:33,138 - INFO - Starting direct file download in chunks of 131072 at 0, stride 131072
2026-07-02 11:33:10,551 - INFO - Starting direct file download in chunks of 131072 at 0, stride 131072
2026-07-02 11:33:12,081 - INFO - Starting direct file download in chunks of 131072 at 0, stride 131072
2026-07-02 11:33:15,969 - INFO - Starting direct file download in chunks of 131072 at 0, stride 131072
2026-07-02 11:33:21,165 - INFO - Starting direct file download in chunks of 131072 at 0, stride 131072
2026-07-02 11:33:23,738 - INFO - Starting direct file download in chunks of 131072 at 0, stride 131072
2026-07-02 11:33:27,449 - INFO - Starting direct file download in chunks of 131072 at 0, stride 131072
2026-07-02 11:33:28,692 - INFO - Starting direct file download in chunks of 131072 at 0, stride 131072
2026-07-02 11:33:31,815 - INFO - Starting direct file download in chunks of 131072 at 0, stride 131072
2026-07-02 11:33:35,520 - INFO - Starting direct file download in chunks of 131072 at 0, stride 131072
2026-07-02 11:33:38,534 - INFO - Starting direct file download in chunks of 131072 at 0, stride 131072
2026-07-02 11:33:41,114 - INFO - Starting direct file download in chunks of 131072 at 0, stride 131072
2026-07-02 11:33:42,426 - INFO - Starting direct file download in chunks of 131072 at 0, stride 131072
2026-07-02 11:33:44,277 - INFO - Starting direct file download in chunks of 131072 at 0, stride 131072
2026-07-02 11:33:49,733 - INFO - Starting direct file download in chunks of 131072 at 0, stride 131072
2026-07-02 11:33:50,610 - INFO - Starting direct file download in chunks of 131072 at 0, stride 131072
2026-07-02 11:33:55,600 - INFO - Starting direct file download in chunks of 131072 at 0, stride 131072
2026-07-02 11:33:59,384 - INFO - Starting direct file download in chunks of 131072 at 0, stride 131072
2026-07-02 11:34:01,065 - INFO - Starting direct file download in chunks of 131072 at 0, stride 131072
2026-07-02 11:34:01,596 - INFO - Starting direct file download in chunks of 131072 at 0, stride 131072
2026-07-02 11:34:02,614 - INFO - Starting direct file download in chunks of 131072 at 0, stride 131072
2026-07-02 11:34:03,463 - INFO - Starting direct file download in chunks of 131072 at 0, stride 131072
2026-07-02 11:34:05,395 - INFO - Starting direct file download in chunks of 131072 at 0, stride 131072
2026-07-02 11:34:07,362 - INFO - Starting direct file download in chunks of 131072 at 0, stride 131072
2026-07-02 11:34:11,297 - INFO - Starting direct file download in chunks of 131072 at 0, stride 131072
2026-07-02 11:34:12,040 - INFO - Starting direct file download in chunks of 131072 at 0, stride 131072
2026-07-02 11:34:13,026 - INFO - Starting direct file download in chunks of 131072 at 0, stride 131072
2026-07-02 11:34:14,094 - INFO - Starting direct file download in chunks of 131072 at 0, stride 131072
2026-07-02 11:34:14,913 - INFO - Starting direct file download in chunks of 131072 at 0, stride 131072
2026-07-02 11:34:15,742 - INFO - Starting direct file download in chunks of 131072 at 0, stride 131072
2026-07-02 11:34:15,935 - INFO - File lives in another DC
2026-07-02 11:34:15,936 - INFO - Connecting to 149.154.167.41:443/TcpFull...
2026-07-02 11:34:18,258 - INFO - Connection to 149.154.167.41:443/TcpFull complete!
2026-07-02 11:34:18,261 - INFO - Exporting auth for new borrowed sender in DcOption(id=2, ip_address='149.154.167.41', port=443, ipv6=False, media_only=False, tcpo_only=False, cdn=False, static=False, this_port_only=False, secret=None)
2026-07-02 11:34:23,761 - INFO - Starting direct file download in chunks of 131072 at 0, stride 131072
2026-07-02 11:34:27,134 - INFO - Starting direct file download in chunks of 131072 at 0, stride 131072
2026-07-02 11:34:28,119 - INFO - Starting direct file download in chunks of 131072 at 0, stride 131072
2026-07-02 11:34:28,347 - INFO - File lives in another DC
2026-07-02 11:34:29,005 - INFO - Starting direct file download in chunks of 131072 at 0, stride 131072
2026-07-02 11:34:29,679 - INFO - Starting direct file download in chunks of 131072 at 0, stride 131072
2026-07-02 11:34:33,858 - INFO - Starting direct file download in chunks of 131072 at 0, stride 131072
2026-07-02 11:34:35,623 - INFO - Starting direct file download in chunks of 131072 at 0, stride 131072
2026-07-02 11:34:36,985 - INFO - Starting direct file download in chunks of 131072 at 0, stride 131072
2026-07-02 11:34:38,083 - INFO - Starting direct file download in chunks of 131072 at 0, stride 131072
2026-07-02 11:34:41,030 - INFO - Starting direct file download in chunks of 131072 at 0, stride 131072
2026-07-02 11:34:44,269 - INFO - Starting direct file download in chunks of 131072 at 0, stride 131072
2026-07-02 11:34:50,559 - INFO - Starting direct file download in chunks of 131072 at 0, stride 131072
2026-07-02 11:35:16,870 - INFO - Starting direct file download in chunks of 131072 at 0, stride 131072
2026-07-02 11:35:23,398 - INFO - Starting direct file download in chunks of 131072 at 0, stride 131072
2026-07-02 11:35:23,553 - INFO - File lives in another DC
2026-07-02 11:35:25,995 - INFO - Starting direct file download in chunks of 131072 at 0, stride 131072
2026-07-02 11:35:38,600 - INFO - Starting direct file download in chunks of 131072 at 0, stride 131072
2026-07-02 11:35:39,485 - INFO - Starting direct file download in chunks of 131072 at 0, stride 131072
2026-07-02 11:35:40,755 - INFO - Starting direct file download in chunks of 131072 at 0, stride 131072
2026-07-02 11:35:44,474 - INFO - Starting direct file download in chunks of 131072 at 0, stride 131072
2026-07-02 11:35:50,694 - INFO - Starting direct file download in chunks of 131072 at 0, stride 131072
2026-07-02 11:35:56,936 - INFO - Starting direct file download in chunks of 131072 at 0, stride 131072
2026-07-02 11:36:06,553 - INFO - Starting direct file download in chunks of 131072 at 0, stride 131072
2026-07-02 11:36:10,343 - INFO - Starting direct file download in chunks of 131072 at 0, stride 131072
2026-07-02 11:36:15,358 - INFO - Starting direct file download in chunks of 131072 at 0, stride 131072
2026-07-02 11:36:17,237 - INFO - Starting direct file download in chunks of 131072 at 0, stride 131072
2026-07-02 11:36:23,581 - INFO - Starting direct file download in chunks of 131072 at 0, stride 131072
2026-07-02 11:36:27,434 - INFO - Starting direct file download in chunks of 131072 at 0, stride 131072
2026-07-02 11:36:28,116 - INFO - Starting direct file download in chunks of 131072 at 0, stride 131072
2026-07-02 11:36:31,453 - INFO - Starting direct file download in chunks of 131072 at 0, stride 131072
2026-07-02 11:36:33,737 - INFO - Starting direct file download in chunks of 131072 at 0, stride 131072
2026-07-02 11:36:37,037 - INFO - Starting direct file download in chunks of 131072 at 0, stride 131072
2026-07-02 11:36:39,698 - INFO - Starting direct file download in chunks of 131072 at 0, stride 131072
2026-07-02 11:36:42,077 - INFO - Disconnecting borrowed sender for DC 2
2026-07-02 11:36:42,077 - INFO - Disconnecting from 149.154.167.41:443/TcpFull...
2026-07-02 11:36:42,079 - INFO - Disconnection from 149.154.167.41:443/TcpFull complete!
2026-07-02 11:36:42,612 - INFO - Starting direct file download in chunks of 131072 at 0, stride 131072
2026-07-02 11:36:49,091 - INFO - Starting direct file download in chunks of 131072 at 0, stride 131072
2026-07-02 11:36:56,643 - INFO - Starting direct file download in chunks of 131072 at 0, stride 131072
2026-07-02 11:36:57,646 - INFO - Starting direct file download in chunks of 131072 at 0, stride 131072
2026-07-02 11:37:01,836 - INFO - Starting direct file download in chunks of 131072 at 0, stride 131072
2026-07-02 11:37:08,208 - INFO - Starting direct file download in chunks of 131072 at 0, stride 131072
2026-07-02 11:37:11,721 - INFO - Starting direct file download in chunks of 131072 at 0, stride 131072
2026-07-02 11:37:16,446 - INFO - Starting direct file download in chunks of 131072 at 0, stride 131072
2026-07-02 11:37:17,077 - INFO - Starting direct file download in chunks of 131072 at 0, stride 131072
2026-07-02 11:37:20,828 - INFO - Starting direct file download in chunks of 131072 at 0, stride 131072
2026-07-02 11:37:23,880 - INFO - Starting direct file download in chunks of 131072 at 0, stride 131072
2026-07-02 11:37:29,639 - INFO - Starting direct file download in chunks of 131072 at 0, stride 131072
2026-07-02 11:37:30,290 - INFO - Starting direct file download in chunks of 131072 at 0, stride 131072
2026-07-02 11:37:31,789 - INFO - Starting direct file download in chunks of 131072 at 0, stride 131072
2026-07-02 11:37:38,887 - INFO - Starting direct file download in chunks of 131072 at 0, stride 131072
2026-07-02 11:37:41,790 - INFO - Starting direct file download in chunks of 131072 at 0, stride 131072
2026-07-02 11:37:42,496 - INFO - Starting direct file download in chunks of 131072 at 0, stride 131072
2026-07-02 11:37:43,436 - INFO - Starting direct file download in chunks of 131072 at 0, stride 131072
2026-07-02 11:37:47,519 - INFO - Starting direct file download in chunks of 131072 at 0, stride 131072
2026-07-02 11:37:48,420 - INFO - Starting direct file download in chunks of 131072 at 0, stride 131072
2026-07-02 11:37:48,985 - INFO - Starting direct file download in chunks of 131072 at 0, stride 131072
2026-07-02 11:37:51,545 - INFO - Starting direct file download in chunks of 131072 at 0, stride 131072
2026-07-02 11:37:53,027 - INFO - Starting direct file download in chunks of 131072 at 0, stride 131072
2026-07-02 11:37:57,178 - INFO - Starting direct file download in chunks of 131072 at 0, stride 131072
2026-07-02 11:37:57,988 - INFO - Starting direct file download in chunks of 131072 at 0, stride 131072
2026-07-02 11:37:59,389 - INFO - Starting direct file download in chunks of 131072 at 0, stride 131072
2026-07-02 11:38:00,661 - INFO - Starting direct file download in chunks of 131072 at 0, stride 131072
2026-07-02 11:38:03,945 - INFO - Starting direct file download in chunks of 131072 at 0, stride 131072
2026-07-02 11:38:06,536 - INFO - Starting direct file download in chunks of 131072 at 0, stride 131072
2026-07-02 11:38:10,246 - INFO - Starting direct file download in chunks of 131072 at 0, stride 131072
2026-07-02 11:38:13,363 - INFO - Starting direct file download in chunks of 131072 at 0, stride 131072
2026-07-02 11:38:14,976 - INFO - Starting direct file download in chunks of 131072 at 0, stride 131072
2026-07-02 11:38:16,491 - INFO - Starting direct file download in chunks of 131072 at 0, stride 131072
2026-07-02 11:38:23,677 - INFO - Starting direct file download in chunks of 131072 at 0, stride 131072
2026-07-02 11:38:28,394 - INFO - Starting direct file download in chunks of 131072 at 0, stride 131072
2026-07-02 11:38:29,385 - INFO - Starting direct file download in chunks of 131072 at 0, stride 131072
2026-07-02 11:38:30,078 - INFO - Starting direct file download in chunks of 131072 at 0, stride 131072
2026-07-02 11:38:34,319 - INFO - Starting direct file download in chunks of 131072 at 0, stride 131072
2026-07-02 11:38:38,718 - INFO - Starting direct file download in chunks of 131072 at 0, stride 131072
2026-07-02 11:38:39,807 - INFO - Starting direct file download in chunks of 131072 at 0, stride 131072
2026-07-02 11:38:40,812 - INFO - Starting direct file download in chunks of 131072 at 0, stride 131072
2026-07-02 11:38:45,422 - INFO - Starting direct file download in chunks of 131072 at 0, stride 131072
2026-07-02 11:38:46,746 - INFO - Starting direct file download in chunks of 131072 at 0, stride 131072
2026-07-02 11:38:47,929 - INFO - Starting direct file download in chunks of 131072 at 0, stride 131072
2026-07-02 11:38:52,472 - INFO - Starting direct file download in chunks of 131072 at 0, stride 131072
2026-07-02 11:38:55,155 - INFO - Starting direct file download in chunks of 131072 at 0, stride 131072
2026-07-02 11:38:57,840 - INFO - Starting direct file download in chunks of 131072 at 0, stride 131072
2026-07-02 11:39:02,698 - INFO - Starting direct file download in chunks of 131072 at 0, stride 131072
2026-07-02 11:39:08,396 - INFO - Starting direct file download in chunks of 131072 at 0, stride 131072
2026-07-02 11:39:17,473 - INFO - Starting direct file download in chunks of 131072 at 0, stride 131072
2026-07-02 11:39:24,485 - INFO - Starting direct file download in chunks of 131072 at 0, stride 131072
2026-07-02 11:39:34,328 - INFO - Starting direct file download in chunks of 131072 at 0, stride 131072
2026-07-02 11:39:42,804 - INFO - Starting direct file download in chunks of 131072 at 0, stride 131072
2026-07-02 11:39:47,006 - INFO - Starting direct file download in chunks of 131072 at 0, stride 131072
2026-07-02 11:39:54,206 - INFO - Starting direct file download in chunks of 131072 at 0, stride 131072
2026-07-02 11:39:58,898 - INFO - Starting direct file download in chunks of 131072 at 0, stride 131072
2026-07-02 11:40:08,686 - INFO - Starting direct file download in chunks of 131072 at 0, stride 131072
2026-07-02 11:40:14,021 - INFO - Starting direct file download in chunks of 131072 at 0, stride 131072
2026-07-02 11:40:17,137 - INFO - Starting direct file download in chunks of 131072 at 0, stride 131072
2026-07-02 11:40:22,778 - INFO - Starting direct file download in chunks of 131072 at 0, stride 131072
2026-07-02 11:40:26,976 - INFO - Starting direct file download in chunks of 131072 at 0, stride 131072
2026-07-02 11:40:30,462 - INFO - Starting direct file download in chunks of 131072 at 0, stride 131072
2026-07-02 11:40:35,237 - INFO - Starting direct file download in chunks of 131072 at 0, stride 131072
2026-07-02 11:40:39,610 - INFO - Starting direct file download in chunks of 131072 at 0, stride 131072
2026-07-02 11:40:41,934 - INFO - Starting direct file download in chunks of 131072 at 0, stride 131072
2026-07-02 11:40:47,355 - INFO - Starting direct file download in chunks of 131072 at 0, stride 131072
2026-07-02 11:40:54,196 - INFO - Starting direct file download in chunks of 131072 at 0, stride 131072
2026-07-02 11:41:00,771 - INFO - Starting direct file download in chunks of 131072 at 0, stride 131072
2026-07-02 11:41:02,462 - INFO - Starting direct file download in chunks of 131072 at 0, stride 131072
2026-07-02 11:41:09,049 - INFO - Starting direct file download in chunks of 131072 at 0, stride 131072
2026-07-02 11:41:10,390 - INFO - Starting direct file download in chunks of 131072 at 0, stride 131072
2026-07-02 11:41:23,646 - INFO - Starting direct file download in chunks of 131072 at 0, stride 131072
2026-07-02 11:41:24,427 - INFO - Starting direct file download in chunks of 131072 at 0, stride 131072
2026-07-02 11:41:29,108 - INFO - Starting direct file download in chunks of 131072 at 0, stride 131072
2026-07-02 11:41:32,658 - INFO - Starting direct file download in chunks of 131072 at 0, stride 131072
2026-07-02 11:41:34,189 - INFO - Starting direct file download in chunks of 131072 at 0, stride 131072
2026-07-02 11:41:38,457 - INFO - Starting direct file download in chunks of 131072 at 0, stride 131072
2026-07-02 11:41:39,336 - INFO - Starting direct file download in chunks of 131072 at 0, stride 131072
2026-07-02 11:41:41,692 - INFO - Starting direct file download in chunks of 131072 at 0, stride 131072
2026-07-02 11:41:45,543 - INFO - Starting direct file download in chunks of 131072 at 0, stride 131072
2026-07-02 11:41:46,641 - INFO - Starting direct file download in chunks of 131072 at 0, stride 131072
2026-07-02 11:41:47,483 - INFO - Starting direct file download in chunks of 131072 at 0, stride 131072
2026-07-02 11:41:51,977 - INFO - Starting direct file download in chunks of 131072 at 0, stride 131072
2026-07-02 11:41:52,789 - INFO - Starting direct file download in chunks of 131072 at 0, stride 131072
2026-07-02 11:41:53,731 - INFO - Starting direct file download in chunks of 131072 at 0, stride 131072
2026-07-02 11:41:54,869 - INFO - Starting direct file download in chunks of 131072 at 0, stride 131072
2026-07-02 11:41:59,252 - INFO - Starting direct file download in chunks of 131072 at 0, stride 131072
2026-07-02 11:42:04,263 - INFO - Starting direct file download in chunks of 131072 at 0, stride 131072
2026-07-02 11:42:12,860 - INFO - Starting direct file download in chunks of 131072 at 0, stride 131072
2026-07-02 11:42:19,670 - INFO - Starting direct file download in chunks of 131072 at 0, stride 131072
2026-07-02 11:42:32,637 - INFO - Starting direct file download in chunks of 131072 at 0, stride 131072
2026-07-02 11:42:37,937 - INFO - Starting direct file download in chunks of 131072 at 0, stride 131072
2026-07-02 11:42:45,455 - INFO - Starting direct file download in chunks of 131072 at 0, stride 131072
2026-07-02 11:42:52,781 - INFO - Starting direct file download in chunks of 131072 at 0, stride 131072
2026-07-02 11:42:58,139 - INFO - Starting direct file download in chunks of 131072 at 0, stride 131072
2026-07-02 11:43:04,054 - INFO - Starting direct file download in chunks of 131072 at 0, stride 131072
2026-07-02 11:43:11,324 - INFO - Starting direct file download in chunks of 131072 at 0, stride 131072
2026-07-02 11:43:19,368 - INFO - Starting direct file download in chunks of 131072 at 0, stride 131072
2026-07-02 11:43:27,012 - INFO - Starting direct file download in chunks of 131072 at 0, stride 131072
2026-07-02 11:43:31,990 - INFO - Starting direct file download in chunks of 131072 at 0, stride 131072
2026-07-02 11:43:37,901 - INFO - Starting direct file download in chunks of 131072 at 0, stride 131072
2026-07-02 11:43:43,641 - INFO - Starting direct file download in chunks of 131072 at 0, stride 131072
2026-07-02 11:43:48,424 - INFO - Starting direct file download in chunks of 131072 at 0, stride 131072
2026-07-02 11:43:51,426 - INFO - Starting direct file download in chunks of 131072 at 0, stride 131072
2026-07-02 11:43:55,956 - INFO - Starting direct file download in chunks of 131072 at 0, stride 131072
2026-07-02 11:44:02,624 - INFO - Starting direct file download in chunks of 131072 at 0, stride 131072
2026-07-02 11:44:07,783 - INFO - Starting direct file download in chunks of 131072 at 0, stride 131072
2026-07-02 11:44:13,160 - INFO - Starting direct file download in chunks of 131072 at 0, stride 131072
2026-07-02 11:44:20,062 - INFO - Starting direct file download in chunks of 131072 at 0, stride 131072
2026-07-02 11:44:25,659 - INFO - Starting direct file download in chunks of 131072 at 0, stride 131072
2026-07-02 11:44:29,429 - INFO - Starting direct file download in chunks of 131072 at 0, stride 131072
2026-07-02 11:44:37,496 - INFO - Starting direct file download in chunks of 131072 at 0, stride 131072
2026-07-02 11:44:42,817 - INFO - Starting direct file download in chunks of 131072 at 0, stride 131072
2026-07-02 11:44:46,638 - INFO - Starting direct file download in chunks of 131072 at 0, stride 131072
2026-07-02 11:44:50,072 - INFO - Starting direct file download in chunks of 131072 at 0, stride 131072
2026-07-02 11:44:52,785 - INFO - Starting direct file download in chunks of 131072 at 0, stride 131072
2026-07-02 11:44:55,312 - INFO - Starting direct file download in chunks of 131072 at 0, stride 131072
2026-07-02 11:45:03,285 - INFO - Starting direct file download in chunks of 131072 at 0, stride 131072
2026-07-02 11:45:06,534 - INFO - Starting direct file download in chunks of 131072 at 0, stride 131072
2026-07-02 11:45:09,142 - INFO - Starting direct file download in chunks of 131072 at 0, stride 131072
2026-07-02 11:45:15,009 - INFO - Starting direct file download in chunks of 131072 at 0, stride 131072
2026-07-02 11:45:32,129 - INFO - Starting direct file download in chunks of 131072 at 0, stride 131072
2026-07-02 11:45:36,199 - INFO - Starting direct file download in chunks of 131072 at 0, stride 131072
2026-07-02 11:45:46,401 - INFO - Starting direct file download in chunks of 131072 at 0, stride 131072
2026-07-02 11:45:50,233 - INFO - Starting direct file download in chunks of 131072 at 0, stride 131072
2026-07-02 11:45:53,437 - INFO - Starting direct file download in chunks of 131072 at 0, stride 131072
2026-07-02 11:45:59,913 - INFO - Starting direct file download in chunks of 131072 at 0, stride 131072
2026-07-02 11:46:04,027 - INFO - Starting direct file download in chunks of 131072 at 0, stride 131072
2026-07-02 11:46:09,683 - INFO - Starting direct file download in chunks of 131072 at 0, stride 131072
2026-07-02 11:46:13,823 - INFO - Starting direct file download in chunks of 131072 at 0, stride 131072
2026-07-02 11:46:17,636 - INFO - Starting direct file download in chunks of 131072 at 0, stride 131072
2026-07-02 11:46:20,962 - INFO - Starting direct file download in chunks of 131072 at 0, stride 131072
2026-07-02 11:46:25,653 - INFO - Starting direct file download in chunks of 131072 at 0, stride 131072
2026-07-02 11:46:29,516 - INFO - Starting direct file download in chunks of 131072 at 0, stride 131072
2026-07-02 11:46:34,619 - INFO - Starting direct file download in chunks of 131072 at 0, stride 131072
2026-07-02 11:46:40,549 - INFO - Starting direct file download in chunks of 131072 at 0, stride 131072
2026-07-02 11:46:43,461 - INFO - Starting direct file download in chunks of 131072 at 0, stride 131072
2026-07-02 11:46:47,111 - INFO - Starting direct file download in chunks of 131072 at 0, stride 131072
2026-07-02 11:46:50,659 - INFO - Starting direct file download in chunks of 131072 at 0, stride 131072
2026-07-02 11:46:54,084 - INFO - Starting direct file download in chunks of 131072 at 0, stride 131072
2026-07-02 11:46:57,164 - INFO - Starting direct file download in chunks of 131072 at 0, stride 131072
2026-07-02 11:46:58,841 - INFO - Starting direct file download in chunks of 131072 at 0, stride 131072
2026-07-02 11:47:01,151 - INFO - Starting direct file download in chunks of 131072 at 0, stride 131072
2026-07-02 11:47:05,355 - INFO - Starting direct file download in chunks of 131072 at 0, stride 131072
2026-07-02 11:47:10,773 - INFO - Starting direct file download in chunks of 131072 at 0, stride 131072
2026-07-02 11:47:15,101 - INFO - Starting direct file download in chunks of 131072 at 0, stride 131072
2026-07-02 11:47:18,714 - INFO - Starting direct file download in chunks of 131072 at 0, stride 131072
2026-07-02 11:47:22,960 - INFO - Starting direct file download in chunks of 131072 at 0, stride 131072
2026-07-02 11:47:26,876 - INFO - Starting direct file download in chunks of 131072 at 0, stride 131072
2026-07-02 11:47:29,839 - INFO - Starting direct file download in chunks of 131072 at 0, stride 131072
2026-07-02 11:47:33,347 - INFO - Starting direct file download in chunks of 131072 at 0, stride 131072
2026-07-02 11:47:38,172 - INFO - Starting direct file download in chunks of 131072 at 0, stride 131072
2026-07-02 11:47:44,879 - INFO - Starting direct file download in chunks of 131072 at 0, stride 131072
2026-07-02 11:47:49,955 - INFO - Starting direct file download in chunks of 131072 at 0, stride 131072
2026-07-02 11:47:54,812 - INFO - Starting direct file download in chunks of 131072 at 0, stride 131072
2026-07-02 11:48:00,029 - INFO - Starting direct file download in chunks of 131072 at 0, stride 131072
2026-07-02 11:48:04,536 - INFO - Starting direct file download in chunks of 131072 at 0, stride 131072
2026-07-02 11:48:07,602 - INFO - Starting direct file download in chunks of 131072 at 0, stride 131072
2026-07-02 11:48:11,211 - INFO - Starting direct file download in chunks of 131072 at 0, stride 131072
2026-07-02 11:48:16,349 - INFO - Starting direct file download in chunks of 131072 at 0, stride 131072
2026-07-02 11:48:20,009 - INFO - Starting direct file download in chunks of 131072 at 0, stride 131072
2026-07-02 11:48:26,097 - INFO - Starting direct file download in chunks of 131072 at 0, stride 131072
2026-07-02 11:48:30,401 - INFO - Starting direct file download in chunks of 131072 at 0, stride 131072
2026-07-02 11:48:34,470 - INFO - Starting direct file download in chunks of 131072 at 0, stride 131072
2026-07-02 11:48:37,828 - INFO - Starting direct file download in chunks of 131072 at 0, stride 131072
2026-07-02 11:48:43,371 - INFO - Starting direct file download in chunks of 131072 at 0, stride 131072
2026-07-02 11:48:49,035 - INFO - Starting direct file download in chunks of 131072 at 0, stride 131072
2026-07-02 11:48:53,272 - INFO - Starting direct file download in chunks of 131072 at 0, stride 131072
2026-07-02 11:48:55,525 - INFO - Starting direct file download in chunks of 131072 at 0, stride 131072
2026-07-02 11:49:00,496 - INFO - Starting direct file download in chunks of 131072 at 0, stride 131072
2026-07-02 11:49:07,877 - INFO - Starting direct file download in chunks of 131072 at 0, stride 131072
2026-07-02 11:49:12,789 - INFO - Starting direct file download in chunks of 131072 at 0, stride 131072
2026-07-02 11:49:17,556 - INFO - Starting direct file download in chunks of 131072 at 0, stride 131072
2026-07-02 11:49:20,580 - INFO - Starting direct file download in chunks of 131072 at 0, stride 131072
2026-07-02 11:49:20,863 - INFO - Starting direct file download in chunks of 131072 at 0, stride 131072
2026-07-02 11:49:22,378 - INFO - Starting direct file download in chunks of 131072 at 0, stride 131072
2026-07-02 11:49:25,451 - INFO - Starting direct file download in chunks of 131072 at 0, stride 131072
2026-07-02 11:49:26,453 - INFO - Starting direct file download in chunks of 131072 at 0, stride 131072
2026-07-02 11:49:27,319 - INFO - Starting direct file download in chunks of 131072 at 0, stride 131072
2026-07-02 11:49:28,230 - INFO - Starting direct file download in chunks of 131072 at 0, stride 131072
2026-07-02 11:49:35,826 - INFO - Starting direct file download in chunks of 131072 at 0, stride 131072
2026-07-02 11:49:45,747 - INFO - Starting direct file download in chunks of 131072 at 0, stride 131072
2026-07-02 11:49:50,974 - INFO - Starting direct file download in chunks of 131072 at 0, stride 131072
2026-07-02 11:49:54,974 - INFO - Starting direct file download in chunks of 131072 at 0, stride 131072
2026-07-02 11:49:59,609 - INFO - Starting direct file download in chunks of 131072 at 0, stride 131072
2026-07-02 11:50:02,972 - INFO - Starting direct file download in chunks of 131072 at 0, stride 131072
2026-07-02 11:50:09,314 - INFO - Starting direct file download in chunks of 131072 at 0, stride 131072
2026-07-02 11:50:13,515 - INFO - Starting direct file download in chunks of 131072 at 0, stride 131072
2026-07-02 11:50:18,077 - INFO - Starting direct file download in chunks of 131072 at 0, stride 131072
2026-07-02 11:50:23,445 - INFO - Starting direct file download in chunks of 131072 at 0, stride 131072
2026-07-02 11:50:31,289 - INFO - Starting direct file download in chunks of 131072 at 0, stride 131072
2026-07-02 11:50:32,256 - INFO - Starting direct file download in chunks of 131072 at 0, stride 131072
2026-07-02 11:50:37,296 - INFO - Starting direct file download in chunks of 131072 at 0, stride 131072
2026-07-02 11:50:43,574 - INFO - Starting direct file download in chunks of 131072 at 0, stride 131072
2026-07-02 11:50:47,486 - INFO - Starting direct file download in chunks of 131072 at 0, stride 131072
2026-07-02 11:50:50,798 - INFO - Starting direct file download in chunks of 131072 at 0, stride 131072
2026-07-02 11:50:51,636 - INFO - Starting direct file download in chunks of 131072 at 0, stride 131072
2026-07-02 11:50:57,080 - INFO - Starting direct file download in chunks of 131072 at 0, stride 131072
2026-07-02 11:51:01,588 - INFO - Starting direct file download in chunks of 131072 at 0, stride 131072
2026-07-02 11:51:04,546 - INFO - Starting direct file download in chunks of 131072 at 0, stride 131072
2026-07-02 11:51:05,413 - INFO - Starting direct file download in chunks of 131072 at 0, stride 131072
2026-07-02 11:51:09,906 - INFO - Starting direct file download in chunks of 131072 at 0, stride 131072
2026-07-02 11:51:18,201 - INFO - Starting direct file download in chunks of 131072 at 0, stride 131072
2026-07-02 11:51:19,566 - INFO - Starting direct file download in chunks of 131072 at 0, stride 131072
2026-07-02 11:51:24,610 - INFO - Starting direct file download in chunks of 131072 at 0, stride 131072
2026-07-02 11:51:27,231 - INFO - Starting direct file download in chunks of 131072 at 0, stride 131072
2026-07-02 11:51:28,526 - INFO - Starting direct file download in chunks of 131072 at 0, stride 131072
2026-07-02 11:51:29,366 - INFO - Starting direct file download in chunks of 131072 at 0, stride 131072
2026-07-02 11:51:30,677 - INFO - Starting direct file download in chunks of 131072 at 0, stride 131072
2026-07-02 11:51:31,464 - INFO - Starting direct file download in chunks of 131072 at 0, stride 131072
2026-07-02 11:51:35,000 - INFO - Starting direct file download in chunks of 131072 at 0, stride 131072
2026-07-02 11:51:38,211 - INFO - Starting direct file download in chunks of 131072 at 0, stride 131072
2026-07-02 11:51:41,160 - INFO - Starting direct file download in chunks of 131072 at 0, stride 131072
2026-07-02 11:51:46,380 - INFO - Starting direct file download in chunks of 131072 at 0, stride 131072
2026-07-02 11:51:49,979 - INFO - Starting direct file download in chunks of 131072 at 0, stride 131072
2026-07-02 11:51:53,174 - INFO - Starting direct file download in chunks of 131072 at 0, stride 131072
2026-07-02 11:51:55,483 - INFO - Starting direct file download in chunks of 131072 at 0, stride 131072
2026-07-02 11:52:02,488 - INFO - Starting direct file download in chunks of 131072 at 0, stride 131072
2026-07-02 11:52:04,356 - INFO - Starting direct file download in chunks of 131072 at 0, stride 131072
2026-07-02 11:52:06,761 - INFO - Starting direct file download in chunks of 131072 at 0, stride 131072
2026-07-02 11:52:13,900 - INFO - Starting direct file download in chunks of 131072 at 0, stride 131072
2026-07-02 11:52:18,188 - INFO - Starting direct file download in chunks of 131072 at 0, stride 131072
2026-07-02 11:52:21,508 - INFO - Starting direct file download in chunks of 131072 at 0, stride 131072
2026-07-02 11:52:24,743 - INFO - Starting direct file download in chunks of 131072 at 0, stride 131072
2026-07-02 11:52:25,557 - INFO - Starting direct file download in chunks of 131072 at 0, stride 131072
2026-07-02 11:52:26,964 - INFO - Starting direct file download in chunks of 131072 at 0, stride 131072
2026-07-02 11:52:30,844 - INFO - Starting direct file download in chunks of 131072 at 0, stride 131072
2026-07-02 11:52:31,527 - INFO - Starting direct file download in chunks of 131072 at 0, stride 131072
2026-07-02 11:52:35,055 - INFO - Starting direct file download in chunks of 131072 at 0, stride 131072
2026-07-02 11:52:38,729 - INFO - Starting direct file download in chunks of 131072 at 0, stride 131072
2026-07-02 11:52:42,021 - INFO - Starting direct file download in chunks of 131072 at 0, stride 131072
2026-07-02 11:52:47,889 - INFO - Starting direct file download in chunks of 131072 at 0, stride 131072
2026-07-02 11:52:49,596 - INFO - Starting direct file download in chunks of 131072 at 0, stride 131072
2026-07-02 11:52:50,285 - INFO - Starting direct file download in chunks of 131072 at 0, stride 131072
2026-07-02 11:52:52,774 - INFO - Starting direct file download in chunks of 131072 at 0, stride 131072
2026-07-02 11:52:56,109 - INFO - Starting direct file download in chunks of 131072 at 0, stride 131072
2026-07-02 11:52:56,721 - INFO - Starting direct file download in chunks of 131072 at 0, stride 131072
2026-07-02 11:53:00,609 - INFO - Starting direct file download in chunks of 131072 at 0, stride 131072
2026-07-02 11:53:02,449 - INFO - Starting direct file download in chunks of 131072 at 0, stride 131072
2026-07-02 11:53:03,349 - INFO - Starting direct file download in chunks of 131072 at 0, stride 131072
2026-07-02 11:53:05,946 - INFO - Starting direct file download in chunks of 131072 at 0, stride 131072
2026-07-02 11:53:07,659 - INFO - Starting direct file download in chunks of 131072 at 0, stride 131072
2026-07-02 11:53:12,270 - INFO - Starting direct file download in chunks of 131072 at 0, stride 131072
2026-07-02 11:53:16,538 - INFO - Starting direct file download in chunks of 131072 at 0, stride 131072
2026-07-02 11:53:17,496 - INFO - Starting direct file download in chunks of 131072 at 0, stride 131072
2026-07-02 11:53:18,488 - INFO - Starting direct file download in chunks of 131072 at 0, stride 131072
2026-07-02 11:53:19,127 - INFO - Starting direct file download in chunks of 131072 at 0, stride 131072
2026-07-02 11:53:19,911 - INFO - Starting direct file download in chunks of 131072 at 0, stride 131072
2026-07-02 11:53:23,780 - INFO - Starting direct file download in chunks of 131072 at 0, stride 131072
2026-07-02 11:53:27,787 - INFO - Starting direct file download in chunks of 131072 at 0, stride 131072
2026-07-02 11:53:30,839 - INFO - Starting direct file download in chunks of 131072 at 0, stride 131072
2026-07-02 11:53:32,762 - INFO - Starting direct file download in chunks of 131072 at 0, stride 131072
2026-07-02 11:53:36,653 - INFO - Starting direct file download in chunks of 131072 at 0, stride 131072
2026-07-02 11:53:37,226 - INFO - Starting direct file download in chunks of 131072 at 0, stride 131072
2026-07-02 11:53:40,388 - INFO - Starting direct file download in chunks of 131072 at 0, stride 131072
2026-07-02 11:53:41,338 - INFO - Starting direct file download in chunks of 131072 at 0, stride 131072
2026-07-02 11:53:42,460 - INFO - Starting direct file download in chunks of 131072 at 0, stride 131072
2026-07-02 11:53:44,939 - INFO - Starting direct file download in chunks of 131072 at 0, stride 131072
2026-07-02 11:53:45,811 - INFO - Starting direct file download in chunks of 131072 at 0, stride 131072
2026-07-02 11:53:48,562 - INFO - Starting direct file download in chunks of 131072 at 0, stride 131072
2026-07-02 11:53:50,714 - INFO - Starting direct file download in chunks of 131072 at 0, stride 131072
2026-07-02 11:53:58,448 - INFO - Starting direct file download in chunks of 131072 at 0, stride 131072
2026-07-02 11:54:03,860 - INFO - Starting direct file download in chunks of 131072 at 0, stride 131072
2026-07-02 11:54:08,454 - INFO - Starting direct file download in chunks of 131072 at 0, stride 131072
2026-07-02 11:54:11,163 - INFO - Starting direct file download in chunks of 131072 at 0, stride 131072
2026-07-02 11:54:11,784 - INFO - Starting direct file download in chunks of 131072 at 0, stride 131072
2026-07-02 11:54:15,757 - INFO - Starting direct file download in chunks of 131072 at 0, stride 131072
2026-07-02 11:54:16,818 - INFO - Starting direct file download in chunks of 131072 at 0, stride 131072
2026-07-02 11:54:18,750 - INFO - Starting direct file download in chunks of 131072 at 0, stride 131072
2026-07-02 11:54:21,358 - INFO - Starting direct file download in chunks of 131072 at 0, stride 131072
2026-07-02 11:54:23,361 - INFO - Starting direct file download in chunks of 131072 at 0, stride 131072
2026-07-02 11:54:26,404 - INFO - Starting direct file download in chunks of 131072 at 0, stride 131072
2026-07-02 11:54:29,682 - INFO - Starting direct file download in chunks of 131072 at 0, stride 131072
2026-07-02 11:54:31,117 - INFO - Starting direct file download in chunks of 131072 at 0, stride 131072
2026-07-02 11:54:33,324 - INFO - Starting direct file download in chunks of 131072 at 0, stride 131072
2026-07-02 11:54:34,793 - INFO - Starting direct file download in chunks of 131072 at 0, stride 131072
2026-07-02 11:54:38,455 - INFO - Starting direct file download in chunks of 131072 at 0, stride 131072
2026-07-02 11:54:39,593 - INFO - Starting direct file download in chunks of 131072 at 0, stride 131072
2026-07-02 11:54:40,241 - INFO - Starting direct file download in chunks of 131072 at 0, stride 131072
2026-07-02 11:54:41,548 - INFO - Starting direct file download in chunks of 131072 at 0, stride 131072
2026-07-02 11:54:44,031 - INFO - Starting direct file download in chunks of 131072 at 0, stride 131072
2026-07-02 11:54:46,048 - INFO - Starting direct file download in chunks of 131072 at 0, stride 131072
2026-07-02 11:54:49,345 - INFO - Starting direct file download in chunks of 131072 at 0, stride 131072
2026-07-02 11:54:49,783 - INFO - Starting direct file download in chunks of 131072 at 0, stride 131072
2026-07-02 11:54:50,343 - INFO - Starting direct file download in chunks of 131072 at 0, stride 131072
2026-07-02 11:54:53,987 - INFO - Starting direct file download in chunks of 131072 at 0, stride 131072
2026-07-02 11:54:54,766 - INFO - Starting direct file download in chunks of 131072 at 0, stride 131072
2026-07-02 11:54:58,272 - INFO - Starting direct file download in chunks of 131072 at 0, stride 131072
2026-07-02 11:54:59,680 - INFO - Starting direct file download in chunks of 131072 at 0, stride 131072
2026-07-02 11:55:03,357 - INFO - Starting direct file download in chunks of 131072 at 0, stride 131072
2026-07-02 11:55:07,765 - INFO - Starting direct file download in chunks of 131072 at 0, stride 131072
2026-07-02 11:55:10,600 - INFO - Starting direct file download in chunks of 131072 at 0, stride 131072
2026-07-02 11:55:12,907 - INFO - Starting direct file download in chunks of 131072 at 0, stride 131072
2026-07-02 11:55:16,815 - INFO - Starting direct file download in chunks of 131072 at 0, stride 131072
2026-07-02 11:55:17,599 - INFO - Starting direct file download in chunks of 131072 at 0, stride 131072
2026-07-02 11:55:20,874 - INFO - Starting direct file download in chunks of 131072 at 0, stride 131072
2026-07-02 11:55:23,496 - INFO - Starting direct file download in chunks of 131072 at 0, stride 131072
2026-07-02 11:55:24,656 - INFO - Starting direct file download in chunks of 131072 at 0, stride 131072
2026-07-02 11:55:25,523 - ERROR - Error scraping channel https://t.me/tikvahpharma: [Errno 2] No such file or directory: 'data/raw/telegram_messages/2026-07-02/https://t.me/tikvahpharma.json'
2026-07-02 11:55:25,532 - INFO - Scraping completed for all channels.
